<?xml version="1.0" encoding="UTF-8"?>
<robot generator="Robot 4.1 (Python 3.9.7 on darwin)" generated="20221110 18:23:26.559" rpa="false" schemaversion="2">
<suite id="s1" name="Tests" source="/Users/alefecardozo/stackspot/zupEdu/robotMarvelZupEdu/tests">
<suite id="s1-s1" name="marvelTests" source="/Users/alefecardozo/stackspot/zupEdu/robotMarvelZupEdu/tests/marvelTests.robot">
<test id="s1-s1-t1" name="Cenário 1: Deve validar tela detalhes do 3-D Man">
<kw name="Open Session" library="main" type="SETUP">
<kw name="Set Log Level" library="BuiltIn">
<arg>TRACE</arg>
<doc>Sets the log threshold to the specified level and returns the old level.</doc>
<msg timestamp="20221110 18:23:26.862" level="INFO">Log level changed from INFO to TRACE.</msg>
<msg timestamp="20221110 18:23:26.862" level="TRACE">Return: 'INFO'</msg>
<status status="PASS" starttime="20221110 18:23:26.861" endtime="20221110 18:23:26.862"/>
</kw>
<if>
<branch type="IF" condition="&quot;${PLATAFORMA}&quot;==&quot;AND&quot;">
<kw name="Set Appium Timeout" library="AppiumLibrary">
<arg>${APPIUM.TIMEOUT}</arg>
<doc>Sets the timeout in seconds used by various keywords.</doc>
<msg timestamp="20221110 18:23:26.864" level="TRACE">Arguments: [ '15' ]</msg>
<msg timestamp="20221110 18:23:26.864" level="TRACE">Return: '5 seconds'</msg>
<status status="PASS" starttime="20221110 18:23:26.863" endtime="20221110 18:23:26.864"/>
</kw>
<kw name="Open Application" library="AppiumLibrary">
<arg>${APPIUM.BASE_URL}</arg>
<arg>platformName=Android</arg>
<arg>automationName=uiautomator2</arg>
<arg>appPackage=com.ali.marvelapp</arg>
<arg>app=${EXECDIR}/${APPIUM.${PLATAFORMA}.APP}</arg>
<arg>deviceName=${APPIUM.${PLATAFORMA}.DEVICE_NAME}</arg>
<arg>udid=${APPIUM.${PLATAFORMA}.DEVICE}</arg>
<arg>autoGrantPermissions=true</arg>
<arg>skipUnlock=true</arg>
<arg>noReset=false</arg>
<arg>noSign=true</arg>
<doc>Opens a new application to given Appium server.
Capabilities of appium server, Android and iOS,
Please check https://github.com/appium/appium/blob/master/docs/en/writing-running-appium/server-args.md
| *Option*            | *Man.* | *Description*     |
| remote_url          | Yes    | Appium server url |
| alias               | no     | alias             |</doc>
<msg timestamp="20221110 18:23:26.867" level="TRACE">Arguments: [ 'http://localhost:4723/wd/hub' | platformName='Android' | automationName='uiautomator2' | appPackage='com.ali.marvelapp' | app='/Users/alefecardozo/stackspot/zupEdu/robotMarvelZupEdu/app/android/marvel.apk' | deviceName='android-device-test' | udid='emulator-5554' | autoGrantPermissions='true' | skipUnlock='true' | noReset='false' | noSign='true' ]</msg>
<msg timestamp="20221110 18:23:26.880" level="DEBUG">POST http://127.0.0.1:4723/wd/hub/session {"capabilities": {"firstMatch": [{"platformName": "Android", "appium:automationName": "uiautomator2", "appium:appPackage": "com.ali.marvelapp", "appium:app": "/Users/alefecardozo/stackspot/zupEdu/robotMarvelZupEdu/app/android/marvel.apk", "appium:deviceName": "android-device-test", "appium:udid": "emulator-5554", "appium:autoGrantPermissions": "true", "appium:skipUnlock": "true", "appium:noReset": "false", "appium:noSign": "true"}]}, "desiredCapabilities": {"platformName": "Android", "automationName": "uiautomator2", "appPackage": "com.ali.marvelapp", "app": "/Users/alefecardozo/stackspot/zupEdu/robotMarvelZupEdu/app/android/marvel.apk", "deviceName": "android-device-test", "udid": "emulator-5554", "autoGrantPermissions": "true", "skipUnlock": "true", "noReset": "false", "noSign": "true"}}</msg>
<msg timestamp="20221110 18:23:26.880" level="DEBUG">Starting new HTTP connection (1): 127.0.0.1:4723</msg>
<msg timestamp="20221110 18:23:38.899" level="DEBUG">http://127.0.0.1:4723 "POST /wd/hub/session HTTP/1.1" 200 1193</msg>
<msg timestamp="20221110 18:23:38.900" level="DEBUG">Finished Request</msg>
<msg timestamp="20221110 18:23:38.901" level="DEBUG">Opened application with session id c0234935-4571-4d9d-ab1f-190599f6b13e</msg>
<msg timestamp="20221110 18:23:38.902" level="TRACE">Return: 1</msg>
<status status="PASS" starttime="20221110 18:23:26.865" endtime="20221110 18:23:38.902"/>
</kw>
<status status="PASS" starttime="20221110 18:23:26.862" endtime="20221110 18:23:38.902"/>
</branch>
<branch type="ELSE IF" condition="&quot;${PLATAFORMA}&quot;==&quot;IOS&quot;">
<kw name="Set Appium Timeout" library="AppiumLibrary">
<arg>${APPIUM.TIMEOUT}</arg>
<doc>Sets the timeout in seconds used by various keywords.</doc>
<status status="NOT RUN" starttime="20221110 18:23:38.902" endtime="20221110 18:23:38.902"/>
</kw>
<kw name="Open Application" library="AppiumLibrary">
<arg>${APPIUM.BASE_URL}</arg>
<arg>platformName=iOS</arg>
<arg>platformVersion=${APPIUM.${PLATAFORMA}.DEVICE}</arg>
<arg>automationName=XCUITest</arg>
<arg>app=${EXECDIR}/${APPIUM.${PLATAFORMA}.APP}</arg>
<arg>deviceName=${APPIUM.${PLATAFORMA}.DEVICE_NAME}</arg>
<arg>autoGrantPermissions=true</arg>
<arg>showIOSLog=false</arg>
<arg>noReset=false</arg>
<arg>noSign=true</arg>
<arg>useNewWDA=false</arg>
<arg>autoAcceptAlerts=true</arg>
<doc>Opens a new application to given Appium server.
Capabilities of appium server, Android and iOS,
Please check https://github.com/appium/appium/blob/master/docs/en/writing-running-appium/server-args.md
| *Option*            | *Man.* | *Description*     |
| remote_url          | Yes    | Appium server url |
| alias               | no     | alias             |</doc>
<status status="NOT RUN" starttime="20221110 18:23:38.902" endtime="20221110 18:23:38.903"/>
</kw>
<status status="NOT RUN" starttime="20221110 18:23:38.902" endtime="20221110 18:23:38.903"/>
</branch>
<status status="PASS" starttime="20221110 18:23:26.862" endtime="20221110 18:23:38.903"/>
</if>
<msg timestamp="20221110 18:23:38.903" level="TRACE">Return: None</msg>
<status status="PASS" starttime="20221110 18:23:26.861" endtime="20221110 18:23:38.903"/>
</kw>
<kw name="Dado que acesso a tela home da marvel até card" library="marvelSteps">
<arg>3-D Man</arg>
<msg timestamp="20221110 18:23:38.903" level="TRACE">Arguments: [ ${NOME}='3-D Man' ]</msg>
<kw name="Aguardar tela carregamento" library="homeMarvelPages">
<arg>${NOME}</arg>
<msg timestamp="20221110 18:23:38.904" level="TRACE">Arguments: [ ${NOME}='3-D Man' ]</msg>
<kw name="Wait Until Element Is Visible" library="AppiumLibrary">
<arg>xpath=//*[contains(@text, '${NOME}')]</arg>
<doc>Waits until element specified with `locator` is visible.</doc>
<msg timestamp="20221110 18:23:38.904" level="TRACE">Arguments: [ "xpath=//*[contains(@text, '3-D Man')]" ]</msg>
<msg timestamp="20221110 18:23:38.905" level="DEBUG">POST http://127.0.0.1:4723/wd/hub/session/c0234935-4571-4d9d-ab1f-190599f6b13e/elements {"using": "xpath", "value": "//*[contains(@text, '3-D Man')]"}</msg>
<msg timestamp="20221110 18:23:41.490" level="DEBUG">http://127.0.0.1:4723 "POST /wd/hub/session/c0234935-4571-4d9d-ab1f-190599f6b13e/elements HTTP/1.1" 200 12</msg>
<msg timestamp="20221110 18:23:41.490" level="DEBUG">Finished Request</msg>
<msg timestamp="20221110 18:23:41.691" level="DEBUG">POST http://127.0.0.1:4723/wd/hub/session/c0234935-4571-4d9d-ab1f-190599f6b13e/elements {"using": "xpath", "value": "//*[contains(@text, '3-D Man')]"}</msg>
<msg timestamp="20221110 18:23:42.097" level="DEBUG">http://127.0.0.1:4723 "POST /wd/hub/session/c0234935-4571-4d9d-ab1f-190599f6b13e/elements HTTP/1.1" 200 139</msg>
<msg timestamp="20221110 18:23:42.097" level="DEBUG">Finished Request</msg>
<msg timestamp="20221110 18:23:42.098" level="DEBUG">GET http://127.0.0.1:4723/wd/hub/session/c0234935-4571-4d9d-ab1f-190599f6b13e/element/00000000-0000-008f-ffff-ffff00000013/displayed {"id": "00000000-0000-008f-ffff-ffff00000013"}</msg>
<msg timestamp="20221110 18:23:42.129" level="DEBUG">http://127.0.0.1:4723 "GET /wd/hub/session/c0234935-4571-4d9d-ab1f-190599f6b13e/element/00000000-0000-008f-ffff-ffff00000013/displayed HTTP/1.1" 200 14</msg>
<msg timestamp="20221110 18:23:42.129" level="DEBUG">Finished Request</msg>
<msg timestamp="20221110 18:23:42.129" level="TRACE">Return: None</msg>
<status status="PASS" starttime="20221110 18:23:38.904" endtime="20221110 18:23:42.130"/>
</kw>
<msg timestamp="20221110 18:23:42.130" level="TRACE">Return: None</msg>
<status status="PASS" starttime="20221110 18:23:38.904" endtime="20221110 18:23:42.130"/>
</kw>
<msg timestamp="20221110 18:23:42.131" level="TRACE">Return: None</msg>
<status status="PASS" starttime="20221110 18:23:38.903" endtime="20221110 18:23:42.131"/>
</kw>
<kw name="Quando clicar no card" library="marvelSteps">
<arg>3-D Man</arg>
<msg timestamp="20221110 18:23:42.131" level="TRACE">Arguments: [ ${NOME}='3-D Man' ]</msg>
<kw name="Tocar no card" library="homeMarvelPages">
<arg>${NOME}</arg>
<msg timestamp="20221110 18:23:42.132" level="TRACE">Arguments: [ ${NOME}='3-D Man' ]</msg>
<kw name="Realizar swipe de cima para baixo e clique no card" library="util">
<arg>${NOME}</arg>
<msg timestamp="20221110 18:23:42.133" level="TRACE">Arguments: [ ${NOME}='3-D Man' ]</msg>
<if>
<branch type="IF" condition="&quot;${PLATAFORMA}&quot;==&quot;AND&quot;">
<kw name="Set Global Variable" library="BuiltIn">
<arg>${PLATAFORMA_DEVICE}</arg>
<arg>xpath=//*[contains(@text, '${NOME}')]/..</arg>
<doc>Makes a variable available globally in all tests and suites.</doc>
<msg timestamp="20221110 18:23:42.133" level="TRACE">Arguments: [ '${PLATAFORMA_DEVICE}' | "xpath=//*[contains(@text, '${NOME}')]/.." ]</msg>
<msg timestamp="20221110 18:23:42.135" level="INFO">${PLATAFORMA_DEVICE} = xpath=//*[contains(@text, '3-D Man')]/..</msg>
<msg timestamp="20221110 18:23:42.135" level="TRACE">Return: None</msg>
<status status="PASS" starttime="20221110 18:23:42.133" endtime="20221110 18:23:42.135"/>
</kw>
<status status="PASS" starttime="20221110 18:23:42.133" endtime="20221110 18:23:42.135"/>
</branch>
<branch type="ELSE IF" condition="&quot;${PLATAFORMA}&quot;==&quot;IOS&quot;">
<kw name="Set Global Variable" library="BuiltIn">
<arg>${PLATAFORMA_DEVICE}</arg>
<arg>xpath=//*[contains(@text, '${NOME}')]/..</arg>
<doc>Makes a variable available globally in all tests and suites.</doc>
<status status="NOT RUN" starttime="20221110 18:23:42.135" endtime="20221110 18:23:42.135"/>
</kw>
<status status="NOT RUN" starttime="20221110 18:23:42.135" endtime="20221110 18:23:42.136"/>
</branch>
<status status="PASS" starttime="20221110 18:23:42.133" endtime="20221110 18:23:42.136"/>
</if>
<for flavor="IN RANGE">
<var>${a}</var>
<value>10</value>
<iter>
<var name="${a}">0</var>
<kw name="Run Keyword And Return Status" library="BuiltIn">
<var>${IsElementVisible}</var>
<arg>Element Should Be Visible</arg>
<arg>${PLATAFORMA_DEVICE}</arg>
<doc>Runs the given keyword with given arguments and returns the status as a Boolean value.</doc>
<msg timestamp="20221110 18:23:42.136" level="TRACE">Arguments: [ 'Element Should Be Visible' | '${PLATAFORMA_DEVICE}' ]</msg>
<kw name="Element Should Be Visible" library="AppiumLibrary">
<arg>${PLATAFORMA_DEVICE}</arg>
<doc>Verifies that element identified with locator is visible.</doc>
<msg timestamp="20221110 18:23:42.137" level="TRACE">Arguments: [ "xpath=//*[contains(@text, '3-D Man')]/.." ]</msg>
<msg timestamp="20221110 18:23:42.137" level="DEBUG">POST http://127.0.0.1:4723/wd/hub/session/c0234935-4571-4d9d-ab1f-190599f6b13e/elements {"using": "xpath", "value": "//*[contains(@text, '3-D Man')]/.."}</msg>
<msg timestamp="20221110 18:23:42.359" level="DEBUG">http://127.0.0.1:4723 "POST /wd/hub/session/c0234935-4571-4d9d-ab1f-190599f6b13e/elements HTTP/1.1" 200 139</msg>
<msg timestamp="20221110 18:23:42.360" level="DEBUG">Finished Request</msg>
<msg timestamp="20221110 18:23:42.360" level="DEBUG">GET http://127.0.0.1:4723/wd/hub/session/c0234935-4571-4d9d-ab1f-190599f6b13e/element/00000000-0000-008f-ffff-ffff0000000c/displayed {"id": "00000000-0000-008f-ffff-ffff0000000c"}</msg>
<msg timestamp="20221110 18:23:42.420" level="DEBUG">http://127.0.0.1:4723 "GET /wd/hub/session/c0234935-4571-4d9d-ab1f-190599f6b13e/element/00000000-0000-008f-ffff-ffff0000000c/displayed HTTP/1.1" 200 14</msg>
<msg timestamp="20221110 18:23:42.420" level="DEBUG">Finished Request</msg>
<msg timestamp="20221110 18:23:42.421" level="TRACE">Return: None</msg>
<status status="PASS" starttime="20221110 18:23:42.136" endtime="20221110 18:23:42.421"/>
</kw>
<msg timestamp="20221110 18:23:42.421" level="TRACE">Return: True</msg>
<msg timestamp="20221110 18:23:42.421" level="INFO">${IsElementVisible} = True</msg>
<status status="PASS" starttime="20221110 18:23:42.136" endtime="20221110 18:23:42.421"/>
</kw>
<if>
<branch type="IF" condition="'${IsElementVisible}'=='False'">
<kw name="Swipe By Percent" library="AppiumLibrary">
<arg>50</arg>
<arg>50</arg>
<arg>50</arg>
<arg>10</arg>
<arg>2000</arg>
<doc>Swipe from one percent of the screen to another percent, for an optional duration.
Normal swipe fails to scale for different screen resolutions, this can be avoided using percent.</doc>
<status status="NOT RUN" starttime="20221110 18:23:42.421" endtime="20221110 18:23:42.421"/>
</kw>
<status status="NOT RUN" starttime="20221110 18:23:42.421" endtime="20221110 18:23:42.421"/>
</branch>
<branch type="ELSE">
<kw name="Exit For Loop" library="BuiltIn">
<doc>Stops executing the enclosing for loop.</doc>
<msg timestamp="20221110 18:23:42.422" level="TRACE">Arguments: [  ]</msg>
<msg timestamp="20221110 18:23:42.422" level="INFO">Exiting for loop altogether.</msg>
<status status="PASS" starttime="20221110 18:23:42.422" endtime="20221110 18:23:42.423"/>
</kw>
<status status="PASS" starttime="20221110 18:23:42.421" endtime="20221110 18:23:42.423"/>
</branch>
<status status="PASS" starttime="20221110 18:23:42.421" endtime="20221110 18:23:42.423"/>
</if>
<status status="PASS" starttime="20221110 18:23:42.136" endtime="20221110 18:23:42.423"/>
</iter>
<status status="PASS" starttime="20221110 18:23:42.136" endtime="20221110 18:23:42.423"/>
</for>
<kw name="Click Element" library="AppiumLibrary">
<arg>${PLATAFORMA_DEVICE}</arg>
<doc>Click element identified by `locator`.</doc>
<msg timestamp="20221110 18:23:42.423" level="TRACE">Arguments: [ "xpath=//*[contains(@text, '3-D Man')]/.." ]</msg>
<msg timestamp="20221110 18:23:42.425" level="INFO">Clicking element 'xpath=//*[contains(@text, '3-D Man')]/..'.</msg>
<msg timestamp="20221110 18:23:42.425" level="DEBUG">POST http://127.0.0.1:4723/wd/hub/session/c0234935-4571-4d9d-ab1f-190599f6b13e/elements {"using": "xpath", "value": "//*[contains(@text, '3-D Man')]/.."}</msg>
<msg timestamp="20221110 18:23:42.811" level="DEBUG">http://127.0.0.1:4723 "POST /wd/hub/session/c0234935-4571-4d9d-ab1f-190599f6b13e/elements HTTP/1.1" 200 139</msg>
<msg timestamp="20221110 18:23:42.812" level="DEBUG">Finished Request</msg>
<msg timestamp="20221110 18:23:42.812" level="DEBUG">POST http://127.0.0.1:4723/wd/hub/session/c0234935-4571-4d9d-ab1f-190599f6b13e/element/00000000-0000-008f-ffff-ffff0000000c/click {"id": "00000000-0000-008f-ffff-ffff0000000c"}</msg>
<msg timestamp="20221110 18:23:42.891" level="DEBUG">http://127.0.0.1:4723 "POST /wd/hub/session/c0234935-4571-4d9d-ab1f-190599f6b13e/element/00000000-0000-008f-ffff-ffff0000000c/click HTTP/1.1" 200 14</msg>
<msg timestamp="20221110 18:23:42.891" level="DEBUG">Finished Request</msg>
<msg timestamp="20221110 18:23:42.891" level="TRACE">Return: None</msg>
<status status="PASS" starttime="20221110 18:23:42.423" endtime="20221110 18:23:42.892"/>
</kw>
<msg timestamp="20221110 18:23:42.892" level="TRACE">Return: None</msg>
<status status="PASS" starttime="20221110 18:23:42.132" endtime="20221110 18:23:42.892"/>
</kw>
<msg timestamp="20221110 18:23:42.892" level="TRACE">Return: None</msg>
<status status="PASS" starttime="20221110 18:23:42.131" endtime="20221110 18:23:42.892"/>
</kw>
<msg timestamp="20221110 18:23:42.892" level="TRACE">Return: None</msg>
<status status="PASS" starttime="20221110 18:23:42.131" endtime="20221110 18:23:42.892"/>
</kw>
<kw name="Então será exibido detalhes do herói" library="marvelSteps">
<arg>3-D Man</arg>
<msg timestamp="20221110 18:23:42.893" level="TRACE">Arguments: [ ${NOME}='3-D Man' ]</msg>
<kw name="Validar tela detalhes vindo do card" library="detailsMarvelPages">
<arg>${NOME}</arg>
<msg timestamp="20221110 18:23:42.893" level="TRACE">Arguments: [ ${NOME}='3-D Man' ]</msg>
<kw name="Wait Until Page Contains" library="AppiumLibrary">
<arg>${NOME}</arg>
<doc>Waits until `text` appears on current page.</doc>
<msg timestamp="20221110 18:23:42.894" level="TRACE">Arguments: [ '3-D Man' ]</msg>
<msg timestamp="20221110 18:23:42.894" level="DEBUG">GET http://127.0.0.1:4723/wd/hub/session/c0234935-4571-4d9d-ab1f-190599f6b13e/source {}</msg>
<msg timestamp="20221110 18:23:43.482" level="DEBUG">http://127.0.0.1:4723 "GET /wd/hub/session/c0234935-4571-4d9d-ab1f-190599f6b13e/source HTTP/1.1" 200 3223</msg>
<msg timestamp="20221110 18:23:43.483" level="DEBUG">Finished Request</msg>
<msg timestamp="20221110 18:23:43.685" level="DEBUG">GET http://127.0.0.1:4723/wd/hub/session/c0234935-4571-4d9d-ab1f-190599f6b13e/source {}</msg>
<msg timestamp="20221110 18:23:44.392" level="DEBUG">http://127.0.0.1:4723 "GET /wd/hub/session/c0234935-4571-4d9d-ab1f-190599f6b13e/source HTTP/1.1" 200 9929</msg>
<msg timestamp="20221110 18:23:44.392" level="DEBUG">Finished Request</msg>
<msg timestamp="20221110 18:23:44.392" level="TRACE">Return: None</msg>
<status status="PASS" starttime="20221110 18:23:42.893" endtime="20221110 18:23:44.392"/>
</kw>
<msg timestamp="20221110 18:23:44.393" level="TRACE">Return: None</msg>
<status status="PASS" starttime="20221110 18:23:42.893" endtime="20221110 18:23:44.393"/>
</kw>
<msg timestamp="20221110 18:23:44.393" level="TRACE">Return: None</msg>
<status status="PASS" starttime="20221110 18:23:42.892" endtime="20221110 18:23:44.393"/>
</kw>
<kw name="Close Session" library="main" type="TEARDOWN">
<msg timestamp="20221110 18:23:44.394" level="TRACE">Arguments: [  ]</msg>
<kw name="Capture Page Screenshot" library="AppiumLibrary">
<doc>Takes a screenshot of the current page and embeds it into the log.</doc>
<msg timestamp="20221110 18:23:44.394" level="TRACE">Arguments: [  ]</msg>
<msg timestamp="20221110 18:23:44.396" level="DEBUG">GET http://127.0.0.1:4723/wd/hub/session/c0234935-4571-4d9d-ab1f-190599f6b13e/screenshot {}</msg>
<msg timestamp="20221110 18:23:45.538" level="DEBUG">http://127.0.0.1:4723 "GET /wd/hub/session/c0234935-4571-4d9d-ab1f-190599f6b13e/screenshot HTTP/1.1" 200 91470</msg>
<msg timestamp="20221110 18:23:45.539" level="DEBUG">Finished Request</msg>
<msg timestamp="20221110 18:23:45.540" level="INFO" html="true">&lt;/td&gt;&lt;/tr&gt;&lt;tr&gt;&lt;td colspan="3"&gt;&lt;a href="appium-screenshot-1.png"&gt;&lt;img src="appium-screenshot-1.png" width="800px"&gt;&lt;/a&gt;</msg>
<msg timestamp="20221110 18:23:45.540" level="TRACE">Return: '/Users/alefecardozo/stackspot/zupEdu/robotMarvelZupEdu/logs/appium-screenshot-1.png'</msg>
<status status="PASS" starttime="20221110 18:23:44.394" endtime="20221110 18:23:45.540"/>
</kw>
<kw name="Close Application" library="AppiumLibrary">
<doc>Closes the current application and also close webdriver session.</doc>
<msg timestamp="20221110 18:23:45.540" level="TRACE">Arguments: [  ]</msg>
<msg timestamp="20221110 18:23:45.542" level="DEBUG">Closing application with session id c0234935-4571-4d9d-ab1f-190599f6b13e</msg>
<msg timestamp="20221110 18:23:45.542" level="DEBUG">DELETE http://127.0.0.1:4723/wd/hub/session/c0234935-4571-4d9d-ab1f-190599f6b13e {}</msg>
<msg timestamp="20221110 18:23:46.973" level="DEBUG">http://127.0.0.1:4723 "DELETE /wd/hub/session/c0234935-4571-4d9d-ab1f-190599f6b13e HTTP/1.1" 200 14</msg>
<msg timestamp="20221110 18:23:46.973" level="DEBUG">Finished Request</msg>
<msg timestamp="20221110 18:23:46.974" level="TRACE">Return: None</msg>
<status status="PASS" starttime="20221110 18:23:45.540" endtime="20221110 18:23:46.974"/>
</kw>
<msg timestamp="20221110 18:23:46.974" level="TRACE">Return: None</msg>
<status status="PASS" starttime="20221110 18:23:44.393" endtime="20221110 18:23:46.974"/>
</kw>
<tag>marvel</tag>
<status status="PASS" starttime="20221110 18:23:26.859" endtime="20221110 18:23:46.974"/>
</test>
<test id="s1-s1-t2" name="Cenário 2: Deve validar tela detalhes do Aaron Stack">
<kw name="Open Session" library="main" type="SETUP">
<msg timestamp="20221110 18:23:46.977" level="TRACE">Arguments: [  ]</msg>
<kw name="Set Log Level" library="BuiltIn">
<arg>TRACE</arg>
<doc>Sets the log threshold to the specified level and returns the old level.</doc>
<msg timestamp="20221110 18:23:46.977" level="TRACE">Arguments: [ 'TRACE' ]</msg>
<msg timestamp="20221110 18:23:46.978" level="INFO">Log level changed from TRACE to TRACE.</msg>
<msg timestamp="20221110 18:23:46.978" level="TRACE">Return: 'TRACE'</msg>
<status status="PASS" starttime="20221110 18:23:46.977" endtime="20221110 18:23:46.978"/>
</kw>
<if>
<branch type="IF" condition="&quot;${PLATAFORMA}&quot;==&quot;AND&quot;">
<kw name="Set Appium Timeout" library="AppiumLibrary">
<arg>${APPIUM.TIMEOUT}</arg>
<doc>Sets the timeout in seconds used by various keywords.</doc>
<msg timestamp="20221110 18:23:46.979" level="TRACE">Arguments: [ '15' ]</msg>
<msg timestamp="20221110 18:23:46.979" level="TRACE">Return: '15 seconds'</msg>
<status status="PASS" starttime="20221110 18:23:46.978" endtime="20221110 18:23:46.979"/>
</kw>
<kw name="Open Application" library="AppiumLibrary">
<arg>${APPIUM.BASE_URL}</arg>
<arg>platformName=Android</arg>
<arg>automationName=uiautomator2</arg>
<arg>appPackage=com.ali.marvelapp</arg>
<arg>app=${EXECDIR}/${APPIUM.${PLATAFORMA}.APP}</arg>
<arg>deviceName=${APPIUM.${PLATAFORMA}.DEVICE_NAME}</arg>
<arg>udid=${APPIUM.${PLATAFORMA}.DEVICE}</arg>
<arg>autoGrantPermissions=true</arg>
<arg>skipUnlock=true</arg>
<arg>noReset=false</arg>
<arg>noSign=true</arg>
<doc>Opens a new application to given Appium server.
Capabilities of appium server, Android and iOS,
Please check https://github.com/appium/appium/blob/master/docs/en/writing-running-appium/server-args.md
| *Option*            | *Man.* | *Description*     |
| remote_url          | Yes    | Appium server url |
| alias               | no     | alias             |</doc>
<msg timestamp="20221110 18:23:46.983" level="TRACE">Arguments: [ 'http://localhost:4723/wd/hub' | platformName='Android' | automationName='uiautomator2' | appPackage='com.ali.marvelapp' | app='/Users/alefecardozo/stackspot/zupEdu/robotMarvelZupEdu/app/android/marvel.apk' | deviceName='android-device-test' | udid='emulator-5554' | autoGrantPermissions='true' | skipUnlock='true' | noReset='false' | noSign='true' ]</msg>
<msg timestamp="20221110 18:23:46.989" level="DEBUG">POST http://127.0.0.1:4723/wd/hub/session {"capabilities": {"firstMatch": [{"platformName": "Android", "appium:automationName": "uiautomator2", "appium:appPackage": "com.ali.marvelapp", "appium:app": "/Users/alefecardozo/stackspot/zupEdu/robotMarvelZupEdu/app/android/marvel.apk", "appium:deviceName": "android-device-test", "appium:udid": "emulator-5554", "appium:autoGrantPermissions": "true", "appium:skipUnlock": "true", "appium:noReset": "false", "appium:noSign": "true"}]}, "desiredCapabilities": {"platformName": "Android", "automationName": "uiautomator2", "appPackage": "com.ali.marvelapp", "app": "/Users/alefecardozo/stackspot/zupEdu/robotMarvelZupEdu/app/android/marvel.apk", "deviceName": "android-device-test", "udid": "emulator-5554", "autoGrantPermissions": "true", "skipUnlock": "true", "noReset": "false", "noSign": "true"}}</msg>
<msg timestamp="20221110 18:23:46.990" level="DEBUG">Starting new HTTP connection (1): 127.0.0.1:4723</msg>
<msg timestamp="20221110 18:23:56.164" level="DEBUG">http://127.0.0.1:4723 "POST /wd/hub/session HTTP/1.1" 200 1193</msg>
<msg timestamp="20221110 18:23:56.164" level="DEBUG">Finished Request</msg>
<msg timestamp="20221110 18:23:56.166" level="DEBUG">Opened application with session id daf2eafd-a03f-470f-9002-6805149a100d</msg>
<msg timestamp="20221110 18:23:56.166" level="TRACE">Return: 2</msg>
<status status="PASS" starttime="20221110 18:23:46.980" endtime="20221110 18:23:56.166"/>
</kw>
<status status="PASS" starttime="20221110 18:23:46.978" endtime="20221110 18:23:56.166"/>
</branch>
<branch type="ELSE IF" condition="&quot;${PLATAFORMA}&quot;==&quot;IOS&quot;">
<kw name="Set Appium Timeout" library="AppiumLibrary">
<arg>${APPIUM.TIMEOUT}</arg>
<doc>Sets the timeout in seconds used by various keywords.</doc>
<status status="NOT RUN" starttime="20221110 18:23:56.167" endtime="20221110 18:23:56.167"/>
</kw>
<kw name="Open Application" library="AppiumLibrary">
<arg>${APPIUM.BASE_URL}</arg>
<arg>platformName=iOS</arg>
<arg>platformVersion=${APPIUM.${PLATAFORMA}.DEVICE}</arg>
<arg>automationName=XCUITest</arg>
<arg>app=${EXECDIR}/${APPIUM.${PLATAFORMA}.APP}</arg>
<arg>deviceName=${APPIUM.${PLATAFORMA}.DEVICE_NAME}</arg>
<arg>autoGrantPermissions=true</arg>
<arg>showIOSLog=false</arg>
<arg>noReset=false</arg>
<arg>noSign=true</arg>
<arg>useNewWDA=false</arg>
<arg>autoAcceptAlerts=true</arg>
<doc>Opens a new application to given Appium server.
Capabilities of appium server, Android and iOS,
Please check https://github.com/appium/appium/blob/master/docs/en/writing-running-appium/server-args.md
| *Option*            | *Man.* | *Description*     |
| remote_url          | Yes    | Appium server url |
| alias               | no     | alias             |</doc>
<status status="NOT RUN" starttime="20221110 18:23:56.167" endtime="20221110 18:23:56.167"/>
</kw>
<status status="NOT RUN" starttime="20221110 18:23:56.166" endtime="20221110 18:23:56.168"/>
</branch>
<status status="PASS" starttime="20221110 18:23:46.978" endtime="20221110 18:23:56.168"/>
</if>
<msg timestamp="20221110 18:23:56.168" level="TRACE">Return: None</msg>
<status status="PASS" starttime="20221110 18:23:46.977" endtime="20221110 18:23:56.168"/>
</kw>
<kw name="Dado que acesso a tela home da marvel até card" library="marvelSteps">
<arg>3-D Man</arg>
<msg timestamp="20221110 18:23:56.168" level="TRACE">Arguments: [ ${NOME}='3-D Man' ]</msg>
<kw name="Aguardar tela carregamento" library="homeMarvelPages">
<arg>${NOME}</arg>
<msg timestamp="20221110 18:23:56.169" level="TRACE">Arguments: [ ${NOME}='3-D Man' ]</msg>
<kw name="Wait Until Element Is Visible" library="AppiumLibrary">
<arg>xpath=//*[contains(@text, '${NOME}')]</arg>
<doc>Waits until element specified with `locator` is visible.</doc>
<msg timestamp="20221110 18:23:56.170" level="TRACE">Arguments: [ "xpath=//*[contains(@text, '3-D Man')]" ]</msg>
<msg timestamp="20221110 18:23:56.170" level="DEBUG">POST http://127.0.0.1:4723/wd/hub/session/daf2eafd-a03f-470f-9002-6805149a100d/elements {"using": "xpath", "value": "//*[contains(@text, '3-D Man')]"}</msg>
<msg timestamp="20221110 18:23:58.620" level="DEBUG">http://127.0.0.1:4723 "POST /wd/hub/session/daf2eafd-a03f-470f-9002-6805149a100d/elements HTTP/1.1" 200 139</msg>
<msg timestamp="20221110 18:23:58.621" level="DEBUG">Finished Request</msg>
<msg timestamp="20221110 18:23:58.621" level="DEBUG">GET http://127.0.0.1:4723/wd/hub/session/daf2eafd-a03f-470f-9002-6805149a100d/element/00000000-0000-0097-ffff-ffff00000013/displayed {"id": "00000000-0000-0097-ffff-ffff00000013"}</msg>
<msg timestamp="20221110 18:23:58.978" level="DEBUG">http://127.0.0.1:4723 "GET /wd/hub/session/daf2eafd-a03f-470f-9002-6805149a100d/element/00000000-0000-0097-ffff-ffff00000013/displayed HTTP/1.1" 200 14</msg>
<msg timestamp="20221110 18:23:58.978" level="DEBUG">Finished Request</msg>
<msg timestamp="20221110 18:23:58.978" level="TRACE">Return: None</msg>
<status status="PASS" starttime="20221110 18:23:56.169" endtime="20221110 18:23:58.978"/>
</kw>
<msg timestamp="20221110 18:23:58.979" level="TRACE">Return: None</msg>
<status status="PASS" starttime="20221110 18:23:56.169" endtime="20221110 18:23:58.979"/>
</kw>
<msg timestamp="20221110 18:23:58.979" level="TRACE">Return: None</msg>
<status status="PASS" starttime="20221110 18:23:56.168" endtime="20221110 18:23:58.979"/>
</kw>
<kw name="Quando clicar no card" library="marvelSteps">
<arg>Aaron Stack</arg>
<msg timestamp="20221110 18:23:58.979" level="TRACE">Arguments: [ ${NOME}='Aaron Stack' ]</msg>
<kw name="Tocar no card" library="homeMarvelPages">
<arg>${NOME}</arg>
<msg timestamp="20221110 18:23:58.980" level="TRACE">Arguments: [ ${NOME}='Aaron Stack' ]</msg>
<kw name="Realizar swipe de cima para baixo e clique no card" library="util">
<arg>${NOME}</arg>
<msg timestamp="20221110 18:23:58.980" level="TRACE">Arguments: [ ${NOME}='Aaron Stack' ]</msg>
<if>
<branch type="IF" condition="&quot;${PLATAFORMA}&quot;==&quot;AND&quot;">
<kw name="Set Global Variable" library="BuiltIn">
<arg>${PLATAFORMA_DEVICE}</arg>
<arg>xpath=//*[contains(@text, '${NOME}')]/..</arg>
<doc>Makes a variable available globally in all tests and suites.</doc>
<msg timestamp="20221110 18:23:58.981" level="TRACE">Arguments: [ '${PLATAFORMA_DEVICE}' | "xpath=//*[contains(@text, '${NOME}')]/.." ]</msg>
<msg timestamp="20221110 18:23:58.981" level="INFO">${PLATAFORMA_DEVICE} = xpath=//*[contains(@text, 'Aaron Stack')]/..</msg>
<msg timestamp="20221110 18:23:58.982" level="TRACE">Return: None</msg>
<status status="PASS" starttime="20221110 18:23:58.981" endtime="20221110 18:23:58.982"/>
</kw>
<status status="PASS" starttime="20221110 18:23:58.981" endtime="20221110 18:23:58.982"/>
</branch>
<branch type="ELSE IF" condition="&quot;${PLATAFORMA}&quot;==&quot;IOS&quot;">
<kw name="Set Global Variable" library="BuiltIn">
<arg>${PLATAFORMA_DEVICE}</arg>
<arg>xpath=//*[contains(@text, '${NOME}')]/..</arg>
<doc>Makes a variable available globally in all tests and suites.</doc>
<status status="NOT RUN" starttime="20221110 18:23:58.982" endtime="20221110 18:23:58.982"/>
</kw>
<status status="NOT RUN" starttime="20221110 18:23:58.982" endtime="20221110 18:23:58.982"/>
</branch>
<status status="PASS" starttime="20221110 18:23:58.981" endtime="20221110 18:23:58.982"/>
</if>
<for flavor="IN RANGE">
<var>${a}</var>
<value>10</value>
<iter>
<var name="${a}">0</var>
<kw name="Run Keyword And Return Status" library="BuiltIn">
<var>${IsElementVisible}</var>
<arg>Element Should Be Visible</arg>
<arg>${PLATAFORMA_DEVICE}</arg>
<doc>Runs the given keyword with given arguments and returns the status as a Boolean value.</doc>
<msg timestamp="20221110 18:23:58.982" level="TRACE">Arguments: [ 'Element Should Be Visible' | '${PLATAFORMA_DEVICE}' ]</msg>
<kw name="Element Should Be Visible" library="AppiumLibrary">
<arg>${PLATAFORMA_DEVICE}</arg>
<doc>Verifies that element identified with locator is visible.</doc>
<msg timestamp="20221110 18:23:58.983" level="TRACE">Arguments: [ "xpath=//*[contains(@text, 'Aaron Stack')]/.." ]</msg>
<msg timestamp="20221110 18:23:58.983" level="DEBUG">POST http://127.0.0.1:4723/wd/hub/session/daf2eafd-a03f-470f-9002-6805149a100d/elements {"using": "xpath", "value": "//*[contains(@text, 'Aaron Stack')]/.."}</msg>
<msg timestamp="20221110 18:23:59.143" level="DEBUG">http://127.0.0.1:4723 "POST /wd/hub/session/daf2eafd-a03f-470f-9002-6805149a100d/elements HTTP/1.1" 200 12</msg>
<msg timestamp="20221110 18:23:59.143" level="DEBUG">Finished Request</msg>
<kw name="Capture Page Screenshot" library="AppiumLibrary">
<doc>Takes a screenshot of the current page and embeds it into the log.</doc>
<msg timestamp="20221110 18:23:59.144" level="TRACE">Arguments: [  ]</msg>
<msg timestamp="20221110 18:23:59.145" level="DEBUG">GET http://127.0.0.1:4723/wd/hub/session/daf2eafd-a03f-470f-9002-6805149a100d/screenshot {}</msg>
<msg timestamp="20221110 18:23:59.641" level="DEBUG">http://127.0.0.1:4723 "GET /wd/hub/session/daf2eafd-a03f-470f-9002-6805149a100d/screenshot HTTP/1.1" 200 138546</msg>
<msg timestamp="20221110 18:23:59.642" level="DEBUG">Finished Request</msg>
<msg timestamp="20221110 18:23:59.643" level="INFO" html="true">&lt;/td&gt;&lt;/tr&gt;&lt;tr&gt;&lt;td colspan="3"&gt;&lt;a href="appium-screenshot-2.png"&gt;&lt;img src="appium-screenshot-2.png" width="800px"&gt;&lt;/a&gt;</msg>
<msg timestamp="20221110 18:23:59.643" level="TRACE">Return: '/Users/alefecardozo/stackspot/zupEdu/robotMarvelZupEdu/logs/appium-screenshot-2.png'</msg>
<status status="PASS" starttime="20221110 18:23:59.144" endtime="20221110 18:23:59.643"/>
</kw>
<msg timestamp="20221110 18:23:59.646" level="FAIL">ValueError: Element locator 'xpath=//*[contains(@text, 'Aaron Stack')]/..' did not match any elements.</msg>
<msg timestamp="20221110 18:23:59.646" level="DEBUG">Traceback (most recent call last):
  File "/usr/local/lib/python3.9/site-packages/decorator.py", line 232, in fun
    return caller(func, *(extras + args), **kw)
  File "/usr/local/lib/python3.9/site-packages/AppiumLibrary/keywords/keywordgroup.py", line 21, in _run_on_failure_decorator
    raise err
  File "/usr/local/lib/python3.9/site-packages/AppiumLibrary/keywords/keywordgroup.py", line 16, in _run_on_failure_decorator
    return method(*args, **kwargs)
  File "/usr/local/lib/python3.9/site-packages/AppiumLibrary/keywords/_element.py", line 186, in element_should_be_visible
    if not self._element_find(locator, True, True).is_displayed():
  File "/usr/local/lib/python3.9/site-packages/AppiumLibrary/keywords/_element.py", line 576, in _element_find
    raise ValueError("Element locator '" + locator + "' did not match any elements.")</msg>
<status status="FAIL" starttime="20221110 18:23:58.983" endtime="20221110 18:23:59.647"/>
</kw>
<msg timestamp="20221110 18:23:59.647" level="TRACE">Return: False</msg>
<msg timestamp="20221110 18:23:59.647" level="INFO">${IsElementVisible} = False</msg>
<status status="PASS" starttime="20221110 18:23:58.982" endtime="20221110 18:23:59.647"/>
</kw>
<if>
<branch type="IF" condition="'${IsElementVisible}'=='False'">
<kw name="Swipe By Percent" library="AppiumLibrary">
<arg>50</arg>
<arg>50</arg>
<arg>50</arg>
<arg>10</arg>
<arg>2000</arg>
<doc>Swipe from one percent of the screen to another percent, for an optional duration.
Normal swipe fails to scale for different screen resolutions, this can be avoided using percent.</doc>
<msg timestamp="20221110 18:23:59.647" level="TRACE">Arguments: [ '50' | '50' | '50' | '10' | 2000 ]</msg>
<msg timestamp="20221110 18:23:59.648" level="DEBUG">GET http://127.0.0.1:4723/wd/hub/session/daf2eafd-a03f-470f-9002-6805149a100d/window/rect {}</msg>
<msg timestamp="20221110 18:23:59.669" level="DEBUG">http://127.0.0.1:4723 "GET /wd/hub/session/daf2eafd-a03f-470f-9002-6805149a100d/window/rect HTTP/1.1" 200 50</msg>
<msg timestamp="20221110 18:23:59.669" level="DEBUG">Finished Request</msg>
<msg timestamp="20221110 18:23:59.669" level="DEBUG">GET http://127.0.0.1:4723/wd/hub/session/daf2eafd-a03f-470f-9002-6805149a100d/window/rect {}</msg>
<msg timestamp="20221110 18:23:59.698" level="DEBUG">http://127.0.0.1:4723 "GET /wd/hub/session/daf2eafd-a03f-470f-9002-6805149a100d/window/rect HTTP/1.1" 200 50</msg>
<msg timestamp="20221110 18:23:59.698" level="DEBUG">Finished Request</msg>
<msg timestamp="20221110 18:23:59.699" level="DEBUG">POST http://127.0.0.1:4723/wd/hub/session/daf2eafd-a03f-470f-9002-6805149a100d/touch/perform {"actions": [{"action": "press", "options": {"x": 540, "y": 897}}, {"action": "wait", "options": {"ms": 2000}}, {"action": "moveTo", "options": {"x": 540, "y": 179}}, {"action": "release", "options": {}}]}</msg>
<msg timestamp="20221110 18:24:02.455" level="DEBUG">http://127.0.0.1:4723 "POST /wd/hub/session/daf2eafd-a03f-470f-9002-6805149a100d/touch/perform HTTP/1.1" 200 14</msg>
<msg timestamp="20221110 18:24:02.455" level="DEBUG">Finished Request</msg>
<msg timestamp="20221110 18:24:02.455" level="TRACE">Return: None</msg>
<status status="PASS" starttime="20221110 18:23:59.647" endtime="20221110 18:24:02.455"/>
</kw>
<status status="PASS" starttime="20221110 18:23:59.647" endtime="20221110 18:24:02.455"/>
</branch>
<branch type="ELSE">
<kw name="Exit For Loop" library="BuiltIn">
<doc>Stops executing the enclosing for loop.</doc>
<status status="NOT RUN" starttime="20221110 18:24:02.455" endtime="20221110 18:24:02.456"/>
</kw>
<status status="NOT RUN" starttime="20221110 18:24:02.455" endtime="20221110 18:24:02.456"/>
</branch>
<status status="PASS" starttime="20221110 18:23:59.647" endtime="20221110 18:24:02.456"/>
</if>
<status status="PASS" starttime="20221110 18:23:58.982" endtime="20221110 18:24:02.456"/>
</iter>
<iter>
<var name="${a}">1</var>
<kw name="Run Keyword And Return Status" library="BuiltIn">
<var>${IsElementVisible}</var>
<arg>Element Should Be Visible</arg>
<arg>${PLATAFORMA_DEVICE}</arg>
<doc>Runs the given keyword with given arguments and returns the status as a Boolean value.</doc>
<msg timestamp="20221110 18:24:02.456" level="TRACE">Arguments: [ 'Element Should Be Visible' | '${PLATAFORMA_DEVICE}' ]</msg>
<kw name="Element Should Be Visible" library="AppiumLibrary">
<arg>${PLATAFORMA_DEVICE}</arg>
<doc>Verifies that element identified with locator is visible.</doc>
<msg timestamp="20221110 18:24:02.457" level="TRACE">Arguments: [ "xpath=//*[contains(@text, 'Aaron Stack')]/.." ]</msg>
<msg timestamp="20221110 18:24:02.457" level="DEBUG">POST http://127.0.0.1:4723/wd/hub/session/daf2eafd-a03f-470f-9002-6805149a100d/elements {"using": "xpath", "value": "//*[contains(@text, 'Aaron Stack')]/.."}</msg>
<msg timestamp="20221110 18:24:02.559" level="DEBUG">http://127.0.0.1:4723 "POST /wd/hub/session/daf2eafd-a03f-470f-9002-6805149a100d/elements HTTP/1.1" 200 139</msg>
<msg timestamp="20221110 18:24:02.559" level="DEBUG">Finished Request</msg>
<msg timestamp="20221110 18:24:02.560" level="DEBUG">GET http://127.0.0.1:4723/wd/hub/session/daf2eafd-a03f-470f-9002-6805149a100d/element/00000000-0000-0097-ffff-ffff0000000f/displayed {"id": "00000000-0000-0097-ffff-ffff0000000f"}</msg>
<msg timestamp="20221110 18:24:02.584" level="DEBUG">http://127.0.0.1:4723 "GET /wd/hub/session/daf2eafd-a03f-470f-9002-6805149a100d/element/00000000-0000-0097-ffff-ffff0000000f/displayed HTTP/1.1" 200 14</msg>
<msg timestamp="20221110 18:24:02.584" level="DEBUG">Finished Request</msg>
<msg timestamp="20221110 18:24:02.584" level="TRACE">Return: None</msg>
<status status="PASS" starttime="20221110 18:24:02.456" endtime="20221110 18:24:02.584"/>
</kw>
<msg timestamp="20221110 18:24:02.584" level="TRACE">Return: True</msg>
<msg timestamp="20221110 18:24:02.584" level="INFO">${IsElementVisible} = True</msg>
<status status="PASS" starttime="20221110 18:24:02.456" endtime="20221110 18:24:02.584"/>
</kw>
<if>
<branch type="IF" condition="'${IsElementVisible}'=='False'">
<kw name="Swipe By Percent" library="AppiumLibrary">
<arg>50</arg>
<arg>50</arg>
<arg>50</arg>
<arg>10</arg>
<arg>2000</arg>
<doc>Swipe from one percent of the screen to another percent, for an optional duration.
Normal swipe fails to scale for different screen resolutions, this can be avoided using percent.</doc>
<status status="NOT RUN" starttime="20221110 18:24:02.585" endtime="20221110 18:24:02.585"/>
</kw>
<status status="NOT RUN" starttime="20221110 18:24:02.585" endtime="20221110 18:24:02.585"/>
</branch>
<branch type="ELSE">
<kw name="Exit For Loop" library="BuiltIn">
<doc>Stops executing the enclosing for loop.</doc>
<msg timestamp="20221110 18:24:02.585" level="TRACE">Arguments: [  ]</msg>
<msg timestamp="20221110 18:24:02.585" level="INFO">Exiting for loop altogether.</msg>
<status status="PASS" starttime="20221110 18:24:02.585" endtime="20221110 18:24:02.586"/>
</kw>
<status status="PASS" starttime="20221110 18:24:02.585" endtime="20221110 18:24:02.586"/>
</branch>
<status status="PASS" starttime="20221110 18:24:02.584" endtime="20221110 18:24:02.586"/>
</if>
<status status="PASS" starttime="20221110 18:24:02.456" endtime="20221110 18:24:02.586"/>
</iter>
<status status="PASS" starttime="20221110 18:23:58.982" endtime="20221110 18:24:02.586"/>
</for>
<kw name="Click Element" library="AppiumLibrary">
<arg>${PLATAFORMA_DEVICE}</arg>
<doc>Click element identified by `locator`.</doc>
<msg timestamp="20221110 18:24:02.586" level="TRACE">Arguments: [ "xpath=//*[contains(@text, 'Aaron Stack')]/.." ]</msg>
<msg timestamp="20221110 18:24:02.589" level="INFO">Clicking element 'xpath=//*[contains(@text, 'Aaron Stack')]/..'.</msg>
<msg timestamp="20221110 18:24:02.589" level="DEBUG">POST http://127.0.0.1:4723/wd/hub/session/daf2eafd-a03f-470f-9002-6805149a100d/elements {"using": "xpath", "value": "//*[contains(@text, 'Aaron Stack')]/.."}</msg>
<msg timestamp="20221110 18:24:02.725" level="DEBUG">http://127.0.0.1:4723 "POST /wd/hub/session/daf2eafd-a03f-470f-9002-6805149a100d/elements HTTP/1.1" 200 139</msg>
<msg timestamp="20221110 18:24:02.725" level="DEBUG">Finished Request</msg>
<msg timestamp="20221110 18:24:02.725" level="DEBUG">POST http://127.0.0.1:4723/wd/hub/session/daf2eafd-a03f-470f-9002-6805149a100d/element/00000000-0000-0097-ffff-ffff0000000f/click {"id": "00000000-0000-0097-ffff-ffff0000000f"}</msg>
<msg timestamp="20221110 18:24:02.795" level="DEBUG">http://127.0.0.1:4723 "POST /wd/hub/session/daf2eafd-a03f-470f-9002-6805149a100d/element/00000000-0000-0097-ffff-ffff0000000f/click HTTP/1.1" 200 14</msg>
<msg timestamp="20221110 18:24:02.796" level="DEBUG">Finished Request</msg>
<msg timestamp="20221110 18:24:02.796" level="TRACE">Return: None</msg>
<status status="PASS" starttime="20221110 18:24:02.586" endtime="20221110 18:24:02.796"/>
</kw>
<msg timestamp="20221110 18:24:02.796" level="TRACE">Return: None</msg>
<status status="PASS" starttime="20221110 18:23:58.980" endtime="20221110 18:24:02.796"/>
</kw>
<msg timestamp="20221110 18:24:02.797" level="TRACE">Return: None</msg>
<status status="PASS" starttime="20221110 18:23:58.980" endtime="20221110 18:24:02.797"/>
</kw>
<msg timestamp="20221110 18:24:02.797" level="TRACE">Return: None</msg>
<status status="PASS" starttime="20221110 18:23:58.979" endtime="20221110 18:24:02.797"/>
</kw>
<kw name="Então será exibido detalhes do herói" library="marvelSteps">
<arg>Aaron Stack</arg>
<msg timestamp="20221110 18:24:02.797" level="TRACE">Arguments: [ ${NOME}='Aaron Stack' ]</msg>
<kw name="Validar tela detalhes vindo do card" library="detailsMarvelPages">
<arg>${NOME}</arg>
<msg timestamp="20221110 18:24:02.798" level="TRACE">Arguments: [ ${NOME}='Aaron Stack' ]</msg>
<kw name="Wait Until Page Contains" library="AppiumLibrary">
<arg>${NOME}</arg>
<doc>Waits until `text` appears on current page.</doc>
<msg timestamp="20221110 18:24:02.798" level="TRACE">Arguments: [ 'Aaron Stack' ]</msg>
<msg timestamp="20221110 18:24:02.799" level="DEBUG">GET http://127.0.0.1:4723/wd/hub/session/daf2eafd-a03f-470f-9002-6805149a100d/source {}</msg>
<msg timestamp="20221110 18:24:03.611" level="DEBUG">http://127.0.0.1:4723 "GET /wd/hub/session/daf2eafd-a03f-470f-9002-6805149a100d/source HTTP/1.1" 200 9933</msg>
<msg timestamp="20221110 18:24:03.612" level="DEBUG">Finished Request</msg>
<msg timestamp="20221110 18:24:03.612" level="TRACE">Return: None</msg>
<status status="PASS" starttime="20221110 18:24:02.798" endtime="20221110 18:24:03.612"/>
</kw>
<msg timestamp="20221110 18:24:03.612" level="TRACE">Return: None</msg>
<status status="PASS" starttime="20221110 18:24:02.798" endtime="20221110 18:24:03.612"/>
</kw>
<msg timestamp="20221110 18:24:03.613" level="TRACE">Return: None</msg>
<status status="PASS" starttime="20221110 18:24:02.797" endtime="20221110 18:24:03.613"/>
</kw>
<kw name="Close Session" library="main" type="TEARDOWN">
<msg timestamp="20221110 18:24:03.613" level="TRACE">Arguments: [  ]</msg>
<kw name="Capture Page Screenshot" library="AppiumLibrary">
<doc>Takes a screenshot of the current page and embeds it into the log.</doc>
<msg timestamp="20221110 18:24:03.614" level="TRACE">Arguments: [  ]</msg>
<msg timestamp="20221110 18:24:03.615" level="DEBUG">GET http://127.0.0.1:4723/wd/hub/session/daf2eafd-a03f-470f-9002-6805149a100d/screenshot {}</msg>
<msg timestamp="20221110 18:24:04.274" level="DEBUG">http://127.0.0.1:4723 "GET /wd/hub/session/daf2eafd-a03f-470f-9002-6805149a100d/screenshot HTTP/1.1" 200 95172</msg>
<msg timestamp="20221110 18:24:04.275" level="DEBUG">Finished Request</msg>
<msg timestamp="20221110 18:24:04.276" level="INFO" html="true">&lt;/td&gt;&lt;/tr&gt;&lt;tr&gt;&lt;td colspan="3"&gt;&lt;a href="appium-screenshot-3.png"&gt;&lt;img src="appium-screenshot-3.png" width="800px"&gt;&lt;/a&gt;</msg>
<msg timestamp="20221110 18:24:04.276" level="TRACE">Return: '/Users/alefecardozo/stackspot/zupEdu/robotMarvelZupEdu/logs/appium-screenshot-3.png'</msg>
<status status="PASS" starttime="20221110 18:24:03.614" endtime="20221110 18:24:04.276"/>
</kw>
<kw name="Close Application" library="AppiumLibrary">
<doc>Closes the current application and also close webdriver session.</doc>
<msg timestamp="20221110 18:24:04.276" level="TRACE">Arguments: [  ]</msg>
<msg timestamp="20221110 18:24:04.278" level="DEBUG">Closing application with session id daf2eafd-a03f-470f-9002-6805149a100d</msg>
<msg timestamp="20221110 18:24:04.279" level="DEBUG">DELETE http://127.0.0.1:4723/wd/hub/session/daf2eafd-a03f-470f-9002-6805149a100d {}</msg>
<msg timestamp="20221110 18:24:05.989" level="DEBUG">http://127.0.0.1:4723 "DELETE /wd/hub/session/daf2eafd-a03f-470f-9002-6805149a100d HTTP/1.1" 200 14</msg>
<msg timestamp="20221110 18:24:05.989" level="DEBUG">Finished Request</msg>
<msg timestamp="20221110 18:24:05.989" level="TRACE">Return: None</msg>
<status status="PASS" starttime="20221110 18:24:04.276" endtime="20221110 18:24:05.989"/>
</kw>
<msg timestamp="20221110 18:24:05.990" level="TRACE">Return: None</msg>
<status status="PASS" starttime="20221110 18:24:03.613" endtime="20221110 18:24:05.990"/>
</kw>
<tag>marvel</tag>
<status status="PASS" starttime="20221110 18:23:46.975" endtime="20221110 18:24:05.990"/>
</test>
<status status="PASS" starttime="20221110 18:23:26.604" endtime="20221110 18:24:05.991"/>
</suite>
<status status="PASS" starttime="20221110 18:23:26.561" endtime="20221110 18:24:05.993"/>
</suite>
<statistics>
<total>
<stat pass="2" fail="0" skip="0">All Tests</stat>
</total>
<tag>
<stat pass="2" fail="0" skip="0">marvel</stat>
</tag>
<suite>
<stat pass="2" fail="0" skip="0" id="s1" name="Tests">Tests</stat>
<stat pass="2" fail="0" skip="0" id="s1-s1" name="marvelTests">Tests.marvelTests</stat>
</suite>
</statistics>
<errors>
</errors>
</robot>
